0 info it worked if it ends with ok
1 verbose cli [ '/usr/bin/nodejs', '/usr/bin/npm', 'pack' ]
2 info using npm@3.5.2
3 info using node@v4.2.6
4 silly cache add args [ '.', null ]
5 verbose cache add spec .
6 silly cache add parsed spec Result {
6 silly cache add   raw: '.',
6 silly cache add   scope: null,
6 silly cache add   name: null,
6 silly cache add   rawSpec: '.',
6 silly cache add   spec: '/home/randy/Desktop/fire_development/fire/fire_place/web/fire/routes',
6 silly cache add   type: 'local' }
7 error addLocal Could not install /home/randy/Desktop/fire_development/fire/fire_place/web/fire/routes
8 verbose stack Error: EISDIR: illegal operation on a directory, read
8 verbose stack     at Error (native)
9 verbose cwd /home/randy/Desktop/fire_development/fire/fire_place/web/fire/routes
10 error Linux 4.13.0-26-generic
11 error argv "/usr/bin/nodejs" "/usr/bin/npm" "pack"
12 error node v4.2.6
13 error npm  v3.5.2
14 error code EISDIR
15 error errno -21
16 error syscall read
17 error eisdir EISDIR: illegal operation on a directory, read
18 error eisdir This is most likely not a problem with npm itself
18 error eisdir and is related to npm not being able to find a package.json in
18 error eisdir a package you are trying to install.
19 verbose exit [ -21, true ]
